[debug] [2018-04-10T18:21:33.054Z] ----------------------------------------------------------------------
[debug] [2018-04-10T18:21:33.054Z] Command:       C:\Program Files\nodejs\node.exe C:\Users\Sean4\AppData\Roaming\npm\node_modules\firebase-tools\bin\firebase init
[debug] [2018-04-10T18:21:33.054Z] CLI Version:   3.18.2
[debug] [2018-04-10T18:21:33.054Z] Platform:      win32
[debug] [2018-04-10T18:21:33.054Z] Node Version:  v9.11.1
[debug] [2018-04-10T18:21:33.054Z] Time:          Tue Apr 10 2018 11:21:33 GMT-0700 (Pacific Daylight Time)
[debug] [2018-04-10T18:21:33.054Z] ----------------------------------------------------------------------
[debug] 
[debug] [2018-04-10T18:21:33.054Z] > command requires scopes: ["email","openid","https://www.googleapis.com/auth/cloudplatformprojects.readonly","https://www.googleapis.com/auth/firebase"]
[debug] [2018-04-10T18:21:33.070Z] > authorizing via signed-in user
[info] 
     ######## #### ########  ######## ########     ###     ######  ########
     ##        ##  ##     ## ##       ##     ##  ##   ##  ##       ##
     ######    ##  ########  ######   ########  #########  ######  ######
     ##        ##  ##    ##  ##       ##     ## ##     ##       ## ##
     ##       #### ##     ## ######## ########  ##     ##  ######  ########

You're about to initialize a Firebase project in this directory:

  C:\Users\Sean4\Desktop\web_code

[info] 
=== Project Setup
[info] 
[info] First, let's associate this project directory with a Firebase project.
[info] You can create multiple project aliases by running firebase use --add, 
[info] but for now we'll just set up a default project.
[info] 
[debug] [2018-04-10T18:21:48.821Z] > refreshing access token with scopes: ["email","https://www.googleapis.com/auth/cloudplatformprojects.readonly","https://www.googleapis.com/auth/firebase","openid"]
[debug] [2018-04-10T18:21:48.821Z] >>> HTTP REQUEST POST https://www.googleapis.com/oauth2/v3/token  
 { refresh_token: '1/jx1bd28l3BWPnmrj3PcR7v4vVEa7qDhSA7mWkgY9HX8',
  client_id: '563584335869-fgrhgmd47bqnekij5i8b5pr03ho849e6.apps.googleusercontent.com',
  client_secret: 'j9iVZfS8kkCEFUPaAeJV0sAi',
  grant_type: 'refresh_token',
  scope: 'email https://www.googleapis.com/auth/cloudplatformprojects.readonly https://www.googleapis.com/auth/firebase openid' } 
 Tue Apr 10 2018 11:21:48 GMT-0700 (Pacific Daylight Time)
[debug] [2018-04-10T18:21:48.993Z] <<< HTTP RESPONSE 200
[debug] [2018-04-10T18:21:49.024Z] >>> HTTP REQUEST GET https://admin.firebase.com/v1/projects  
  
 Tue Apr 10 2018 11:21:49 GMT-0700 (Pacific Daylight Time)
[debug] [2018-04-10T18:21:50.058Z] <<< HTTP RESPONSE 200
[info] 
=== Database Setup
[info] 
[info] Firebase Realtime Database Rules allow you to define how your data should be
[info] structured and when your data can be read from and written to.
[info] 
[debug] [2018-04-10T18:22:03.876Z] >>> HTTP REQUEST GET https://lucid-you.firebaseio.com/.settings/rules.json  
  
 Tue Apr 10 2018 11:22:03 GMT-0700 (Pacific Daylight Time)
[debug] [2018-04-10T18:22:04.188Z] <<< HTTP RESPONSE 200
[info] +  Database Rules for lucid-you have been downloaded to database.rules.json.
[info] Future modifications to database.rules.json will update Database Rules when you run
[info] firebase deploy.
[info] 
=== Hosting Setup
[info] 
[info] Your public directory is the folder (relative to your project directory) that
[info] will contain Hosting assets to be uploaded with firebase deploy. If you
[info] have a build process for your assets, use your build's output directory.
[info] 
[info] i  Skipping write of public/404.html
[debug] [2018-04-10T18:24:17.666Z] >>> HTTP REQUEST GET https://www.gstatic.com/firebasejs/releases.json  
  
 Tue Apr 10 2018 11:24:17 GMT-0700 (Pacific Daylight Time)
[debug] [2018-04-10T18:24:17.766Z] <<< HTTP RESPONSE 200
[info] i  Skipping write of public/index.html
[info] 
=== Storage Setup
[info] 
[info] Firebase Storage Security Rules allow you to define how and when to allow
[info] uploads and downloads. You can keep these rules in your project directory
[info] and publish them with firebase deploy.
[info] 
[info] 
[info] i  Writing configuration info to firebase.json...
[info] i  Writing project information to .firebaserc...
[info] 
[info] +  Firebase initialization complete!
